[2016-08-12 16:34:02] START
[2016-08-12 16:38:49] EDIT pikingangular/views/default/index.html: 2
[2016-08-12 16:38:56] EDIT pikingangular/views/default/index.html: 0
[2016-08-12 16:39:37] CREATE pickings.py: 0
[2016-08-12 16:40:06] EDIT pikingangular/models/pickings.py: 3
[2016-08-12 16:44:41] EDIT pikingangular/controllers/default.py: 5
[2016-08-12 16:45:44] EDIT pikingangular/controllers/default.py: 3
[2016-08-12 16:46:00] EDIT pikingangular/views/default/index.html: 0
[2016-08-12 16:47:46] EDIT pikingangular/controllers/default.py: -6
[2016-08-12 16:48:49] EDIT pikingangular/controllers/default.py: 1
[2016-08-12 16:53:13] EDIT pikingangular/views/layout.html: 2
[2016-08-12 16:54:40] EDIT pikingangular/views/default/index.html: 6
[2016-08-12 16:56:26] EDIT pikingangular/controllers/default.py: 0
[2016-08-12 16:57:06] EDIT pikingangular/controllers/default.py: 0
[2016-08-12 16:57:07] EDIT pikingangular/controllers/default.py: 0
[2016-08-12 16:57:29] EDIT pikingangular/controllers/default.py: 0
[2016-08-12 17:01:02] EDIT pikingangular/controllers/default.py: 0
[2016-08-12 17:01:14] EDIT pikingangular/controllers/default.py: 0
[2016-08-12 17:01:54] EDIT pikingangular/views/default/index.html: 0
[2016-08-12 17:03:12] EDIT pikingangular/views/default/index.html: 0
[2016-08-12 17:03:54] EDIT pikingangular/views/default/index.html: 0
[2016-08-12 17:04:00] EDIT pikingangular/views/default/index.html: 0
[2016-08-12 17:04:11] EDIT pikingangular/controllers/default.py: 0
[2016-08-12 17:04:17] EDIT pikingangular/views/default/index.html: 0
[2016-08-12 17:04:46] EDIT pikingangular/views/default/index.html: 0
[2016-08-12 17:06:15] EDIT pikingangular/views/default/index.html: 0
[2016-08-12 17:06:43] EDIT pikingangular/controllers/default.py: 1
[2016-08-12 17:07:11] EDIT pikingangular/controllers/default.py: -1
[2016-08-12 17:08:21] EDIT pikingangular/views/default/index.html: 1
[2016-08-12 17:08:52] EDIT pikingangular/views/default/index.html: -1
[2016-08-12 17:09:57] EDIT pikingangular/views/default/index.html: 0
[2016-08-12 17:13:55] EDIT pikingangular/views/default/index.html: 0
[2016-08-12 17:15:15] EDIT pikingangular/views/default/index.html: 1
[2016-08-12 17:16:10] EDIT pikingangular/views/default/index.html: 0
[2016-08-12 17:16:36] EDIT pikingangular/views/default/index.html: 2
[2016-08-12 17:17:42] EDIT pikingangular/views/default/index.html: 0
[2016-08-12 17:17:50] EDIT pikingangular/views/default/index.html: 0
[2016-08-12 17:19:22] EDIT pikingangular/views/default/index.html: 1
